<?xml version="1.0" encoding="UTF-8"?>
<!-- Generated by org.testng.reporters.JUnitReportReporter -->
<testsuite hostname="DESKTOP-9CKIDE8" failures="0" tests="1" name="Runner.TestRunner" time="22.134" errors="0" timestamp="2025-09-07T21:13:11 IST" skipped="0">
  <testcase classname="Runner.TestRunner" name="runScenario" time="22.134"/>
  <system-out/>
</testsuite> <!-- Runner.TestRunner -->
