<?xml version="1.0" encoding="UTF-8"?>
<!-- Generated by org.testng.reporters.JUnitReportReporter -->
<testsuite hostname="DESKTOP-9CKIDE8" failures="0" tests="1" name="Runner.TestRunner" time="24.663" errors="0" timestamp="2025-08-28T20:36:46 IST" skipped="0">
  <testcase classname="Runner.TestRunner" name="runScenario" time="24.663"/>
  <system-out/>
</testsuite> <!-- Runner.TestRunner -->
